This is XeTeX, Version 3.14159265-2.6-0.99998 (MiKTeX 2.9.6350 64-bit) (preloaded format=xelatex 2017.10.17)  19 OCT 2017 23:39
entering extended mode
**"C:/Users/PC/Desktop/Lab4 Report/Software-Engineering-Lab4-Report/body/body.t
ex"

("C:/Users/PC/Desktop/Lab4 Report/Software-Engineering-Lab4-Report/body/body.te
x"
LaTeX2e <2017-04-15>
Babel <3.10> and hyphenation patterns for 76 language(s) loaded.
! Undefined control sequence.
l.2 \BiChapter
              {å®éªŒè¦æ±‚}{}
The control sequence at the end of the top line
of your error message was never \def'ed. If you have
misspelled it (e.g., `\hobx'), type `I' and the correct
spelling (e.g., `I\hbox'). Otherwise just continue,
and I'll forget about whatever was undefined.


! LaTeX Error: Missing \begin{document}.

See the LaTeX manual or LaTeX Companion for explanation.
Type  H <return>  for immediate help.
 ...                                              
                                                  
l.2 \BiChapter{å®
                  éªŒè¦æ±‚}{}
You're in trouble here.  Try typing  <return>  to proceed.
If that doesn't work, type  X <return>  to quit.

Missing character: There is no å® in font nullfont!
Missing character: There is no éªŒ in font nullfont!
Missing character: There is no è¦ in font nullfont!
Missing character: There is no æ±‚ in font nullfont!

Overfull \hbox (20.0pt too wide) in paragraph at lines 2--3
[] 
 []

! Undefined control sequence.
l.5 \BiChapter
              {åœ¨IntelliJä¸­é…ç½®ä»£ç å®¡æŸ¥ä¸åˆ†æå·¥å…·}{}
The control sequence at the end of the top line
of your error message was never \def'ed. If you have
misspelled it (e.g., `\hobx'), type `I' and the correct
spelling (e.g., `I\hbox'). Otherwise just continue,
and I'll forget about whatever was undefined.


! LaTeX Error: Missing \begin{document}.

See the LaTeX manual or LaTeX Companion for explanation.
Type  H <return>  for immediate help.
 ...                                              
                                                  
l.5 \BiChapter{åœ¨
                  IntelliJä¸­é…ç½®ä»£ç å®¡æŸ¥ä¸åˆ†æå·¥å…·}{}
You're in trouble here.  Try typing  <return>  to proceed.
If that doesn't work, type  X <return>  to quit.

Missing character: There is no åœ¨ in font nullfont!
Missing character: There is no I in font nullfont!
Missing character: There is no n in font nullfont!
Missing character: There is no t in font nullfont!
Missing character: There is no e in font nullfont!
Missing character: There is no l in font nullfont!
Missing character: There is no l in font nullfont!
Missing character: There is no i in font nullfont!
Missing character: There is no J in font nullfont!
Missing character: There is no ä¸­ in font nullfont!
Missing character: There is no é… in font nullfont!
Missing character: There is no ç½® in font nullfont!
Missing character: There is no ä»£ in font nullfont!
Missing character: There is no ç  in font nullfont!
Missing character: There is no å®¡ in font nullfont!
Missing character: There is no æŸ¥ in font nullfont!
Missing character: There is no ä¸ in font nullfont!
Missing character: There is no åˆ† in font nullfont!
Missing character: There is no æ in font nullfont!
Missing character: There is no å·¥ in font nullfont!
Missing character: There is no å…· in font nullfont!
! Undefined control sequence.
l.6 \BiSection
              {Checkstyle}{}
The control sequence at the end of the top line
of your error message was never \def'ed. If you have
misspelled it (e.g., `\hobx'), type `I' and the correct
spelling (e.g., `I\hbox'). Otherwise just continue,
and I'll forget about whatever was undefined.

Missing character: There is no C in font nullfont!
Missing character: There is no h in font nullfont!
Missing character: There is no e in font nullfont!
Missing character: There is no c in font nullfont!
Missing character: There is no k in font nullfont!
Missing character: There is no s in font nullfont!
Missing character: There is no t in font nullfont!
Missing character: There is no y in font nullfont!
Missing character: There is no l in font nullfont!
Missing character: There is no e in font nullfont!
! Undefined control sequence.
l.7 \BiSection
              {PMD}{}
The control sequence at the end of the top line
of your error message was never \def'ed. If you have
misspelled it (e.g., `\hobx'), type `I' and the correct
spelling (e.g., `I\hbox'). Otherwise just continue,
and I'll forget about whatever was undefined.

Missing character: There is no P in font nullfont!
Missing character: There is no M in font nullfont!
Missing character: There is no D in font nullfont!
! Undefined control sequence.
l.8 \BiSection
              {FindBugs}{}
The control sequence at the end of the top line
of your error message was never \def'ed. If you have
misspelled it (e.g., `\hobx'), type `I' and the correct
spelling (e.g., `I\hbox'). Otherwise just continue,
and I'll forget about whatever was undefined.

Missing character: There is no F in font nullfont!
Missing character: There is no i in font nullfont!
Missing character: There is no n in font nullfont!
Missing character: There is no d in font nullfont!
Missing character: There is no B in font nullfont!
Missing character: There is no u in font nullfont!
Missing character: There is no g in font nullfont!
Missing character: There is no s in font nullfont!
! Undefined control sequence.
l.9 \BiSection
              {VisualVM}{}
The control sequence at the end of the top line
of your error message was never \def'ed. If you have
misspelled it (e.g., `\hobx'), type `I' and the correct
spelling (e.g., `I\hbox'). Otherwise just continue,
and I'll forget about whatever was undefined.

Missing character: There is no V in font nullfont!
Missing character: There is no i in font nullfont!
Missing character: There is no s in font nullfont!
Missing character: There is no u in font nullfont!
Missing character: There is no a in font nullfont!
Missing character: There is no l in font nullfont!
Missing character: There is no V in font nullfont!
Missing character: There is no M in font nullfont!

Overfull \hbox (20.0pt too wide) in paragraph at lines 5--10
[]
 []

! Undefined control sequence.
l.12 \BiChapter
               {æœ¬æ¬¡å®éªŒæ‰€è¯„å®¡çš„ä»£ç }{}
The control sequence at the end of the top line
of your error message was never \def'ed. If you have
misspelled it (e.g., `\hobx'), type `I' and the correct
spelling (e.g., `I\hbox'). Otherwise just continue,
and I'll forget about whatever was undefined.


! LaTeX Error: Missing \begin{document}.

See the LaTeX manual or LaTeX Companion for explanation.
Type  H <return>  for immediate help.
 ...                                              
                                                  
l.12 \BiChapter{æœ¬
                   æ¬¡å®éªŒæ‰€è¯„å®¡çš„ä»£ç }{}
You're in trouble here.  Try typing  <return>  to proceed.
If that doesn't work, type  X <return>  to quit.

Missing character: There is no æœ¬ in font nullfont!
Missing character: There is no æ¬¡ in font nullfont!
Missing character: There is no å® in font nullfont!
Missing character: There is no éªŒ in font nullfont!
Missing character: There is no æ‰€ in font nullfont!
Missing character: There is no è¯„ in font nullfont!
Missing character: There is no å®¡ in font nullfont!
Missing character: There is no çš„ in font nullfont!
Missing character: There is no ä»£ in font nullfont!
Missing character: There is no ç  in font nullfont!

Overfull \hbox (20.0pt too wide) in paragraph at lines 12--13
[] 
 []

! Undefined control sequence.
l.15 \BiChapter
               {ä»£ç reviewè®°å½•}{}
The control sequence at the end of the top line
of your error message was never \def'ed. If you have
misspelled it (e.g., `\hobx'), type `I' and the correct
spelling (e.g., `I\hbox'). Otherwise just continue,
and I'll forget about whatever was undefined.


! LaTeX Error: Missing \begin{document}.

See the LaTeX manual or LaTeX Companion for explanation.
Type  H <return>  for immediate help.
 ...                                              
                                                  
l.15 \BiChapter{ä»£
                   ç reviewè®°å½•}{}
You're in trouble here.  Try typing  <return>  to proceed.
If that doesn't work, type  X <return>  to quit.

Missing character: There is no ä»£ in font nullfont!
Missing character: There is no ç  in font nullfont!
Missing character: There is no r in font nullfont!
Missing character: There is no e in font nullfont!
Missing character: There is no v in font nullfont!
Missing character: There is no i in font nullfont!
Missing character: There is no e in font nullfont!
Missing character: There is no w in font nullfont!
Missing character: There is no è®° in font nullfont!
Missing character: There is no å½• in font nullfont!
LaTeX Font Info:    External font `cmex10' loaded for size
(Font)              <7> on input line 16.
LaTeX Font Info:    External font `cmex10' loaded for size
(Font)              <5> on input line 16.
Missing character: There is no é—® in font nullfont!
Missing character: There is no é¢˜ in font nullfont!
Missing character: There is no æ in font nullfont!
Missing character: There is no è¿° in font nullfont!
Missing character: There is no ç±» in font nullfont!
Missing character: There is no å‹ in font nullfont!
Missing character: There is no æ‰€ in font nullfont!
Missing character: There is no åœ¨ in font nullfont!
Missing character: There is no ä»£ in font nullfont!
Missing character: There is no ç  in font nullfont!
Missing character: There is no è¡Œ in font nullfont!
Missing character: There is no å· in font nullfont!
Missing character: There is no ä¿® in font nullfont!
Missing character: There is no æ”¹ in font nullfont!
Missing character: There is no æ–¹ in font nullfont!
Missing character: There is no å¼ in font nullfont!
! Undefined control sequence.
<recently read> \makecell 
                          
l.20 \makecell
              [l] {åœ¨ç‚¹å‡»é€€å‡ºæŒ‰é’®å \\ GUIç•Œé¢å…³é—­ \\ ä½†ç¨‹åºä...
The control sequence at the end of the top line
of your error message was never \def'ed. If you have
misspelled it (e.g., `\hobx'), type `I' and the correct
spelling (e.g., `I\hbox'). Otherwise just continue,
and I'll forget about whatever was undefined.

Missing character: There is no [ in font nullfont!
Missing character: There is no l in font nullfont!
Missing character: There is no ] in font nullfont!
Missing character: There is no åœ¨ in font nullfont!
Missing character: There is no ç‚¹ in font nullfont!
Missing character: There is no å‡» in font nullfont!
Missing character: There is no é€€ in font nullfont!
Missing character: There is no å‡º in font nullfont!
Missing character: There is no æŒ‰ in font nullfont!
Missing character: There is no é’® in font nullfont!
Missing character: There is no å in font nullfont!
! Missing } inserted.
<inserted text> 
                }
l.20 \makecell[l] {åœ¨ç‚¹å‡»é€€å‡ºæŒ‰é’®å \\ G
                                                UIç•Œé¢å…³é—­ \\ ä½†ç¨‹åºä...
I've put in what seems to be necessary to fix
the current column of the current alignment.
Try to go on, since this might almost work.

Missing character: There is no G in font nullfont!
Missing character: There is no U in font nullfont!
Missing character: There is no I in font nullfont!
Missing character: There is no ç•Œ in font nullfont!
Missing character: There is no é¢ in font nullfont!
Missing character: There is no å…³ in font nullfont!
Missing character: There is no é—­ in font nullfont!
Missing character: There is no ä½† in font nullfont!
Missing character: There is no ç¨‹ in font nullfont!
Missing character: There is no åº in font nullfont!
Missing character: There is no ä» in font nullfont!
Missing character: There is no åœ¨ in font nullfont!
Missing character: There is no è¿ in font nullfont!
Missing character: There is no è¡Œ in font nullfont!
! Missing { inserted.
<inserted text> 
                {
l.20 ...UIç•Œé¢å…³é—­ \\ ä½†ç¨‹åºä»åœ¨è¿è¡Œ} &
                                                  
I've put in what seems to be necessary to fix
the current column of the current alignment.
Try to go on, since this might almost work.

! Undefined control sequence.
l.21 \makecell
              [l] {ç¨‹åºé€€å‡ºæ§åˆ¶}  &
The control sequence at the end of the top line
of your error message was never \def'ed. If you have
misspelled it (e.g., `\hobx'), type `I' and the correct
spelling (e.g., `I\hbox'). Otherwise just continue,
and I'll forget about whatever was undefined.

Missing character: There is no [ in font nullfont!
Missing character: There is no l in font nullfont!
Missing character: There is no ] in font nullfont!
Missing character: There is no ç¨‹ in font nullfont!
Missing character: There is no åº in font nullfont!
Missing character: There is no é€€ in font nullfont!
Missing character: There is no å‡º in font nullfont!
Missing character: There is no æ§ in font nullfont!
Missing character: There is no åˆ¶ in font nullfont!
! Undefined control sequence.
l.22 \makecell
              [l] {MainPage.java \\ : 467} &
The control sequence at the end of the top line
of your error message was never \def'ed. If you have
misspelled it (e.g., `\hobx'), type `I' and the correct
spelling (e.g., `I\hbox'). Otherwise just continue,
and I'll forget about whatever was undefined.

Missing character: There is no [ in font nullfont!
Missing character: There is no l in font nullfont!
Missing character: There is no ] in font nullfont!
Missing character: There is no M in font nullfont!
Missing character: There is no a in font nullfont!
Missing character: There is no i in font nullfont!
Missing character: There is no n in font nullfont!
Missing character: There is no P in font nullfont!
Missing character: There is no a in font nullfont!
Missing character: There is no g in font nullfont!
Missing character: There is no e in font nullfont!
Missing character: There is no . in font nullfont!
Missing character: There is no j in font nullfont!
Missing character: There is no a in font nullfont!
Missing character: There is no v in font nullfont!
Missing character: There is no a in font nullfont!
! Missing } inserted.
<inserted text> 
                }
l.22 \makecell[l] {MainPage.java \\ :
                                      467} &
I've put in what seems to be necessary to fix
the current column of the current alignment.
Try to go on, since this might almost work.

Missing character: There is no : in font nullfont!
Missing character: There is no 4 in font nullfont!
Missing character: There is no 6 in font nullfont!
Missing character: There is no 7 in font nullfont!
! Missing { inserted.
<inserted text> 
                {
l.22 \makecell[l] {MainPage.java \\ : 467} &
                                            
I've put in what seems to be necessary to fix
the current column of the current alignment.
Try to go on, since this might almost work.

! Undefined control sequence.
l.23 \makecell
              [l] {å¢åŠ ä»£ç  \\ setDefaultCloseOperation \\ (WindowConsta...
The control sequence at the end of the top line
of your error message was never \def'ed. If you have
misspelled it (e.g., `\hobx'), type `I' and the correct
spelling (e.g., `I\hbox'). Otherwise just continue,
and I'll forget about whatever was undefined.

Missing character: There is no [ in font nullfont!
Missing character: There is no l in font nullfont!
Missing character: There is no ] in font nullfont!
Missing character: There is no å¢ in font nullfont!
Missing character: There is no åŠ  in font nullfont!
Missing character: There is no ä»£ in font nullfont!
Missing character: There is no ç  in font nullfont!
! Missing } inserted.
<inserted text> 
                }
l.23 \makecell[l] {å¢åŠ ä»£ç  \\ s
                                    etDefaultCloseOperation \\ (WindowConsta...
I've put in what seems to be necessary to fix
the current column of the current alignment.
Try to go on, since this might almost work.

Missing character: There is no s in font nullfont!
Missing character: There is no e in font nullfont!
Missing character: There is no t in font nullfont!
Missing character: There is no D in font nullfont!
Missing character: There is no e in font nullfont!
Missing character: There is no f in font nullfont!
Missing character: There is no a in font nullfont!
Missing character: There is no u in font nullfont!
Missing character: There is no l in font nullfont!
Missing character: There is no t in font nullfont!
Missing character: There is no C in font nullfont!
Missing character: There is no l in font nullfont!
Missing character: There is no o in font nullfont!
Missing character: There is no s in font nullfont!
Missing character: There is no e in font nullfont!
Missing character: There is no O in font nullfont!
Missing character: There is no p in font nullfont!
Missing character: There is no e in font nullfont!
Missing character: There is no r in font nullfont!
Missing character: There is no a in font nullfont!
Missing character: There is no t in font nullfont!
Missing character: There is no i in font nullfont!
Missing character: There is no o in font nullfont!
Missing character: There is no n in font nullfont!
Missing character: There is no ( in font nullfont!
Missing character: There is no W in font nullfont!
Missing character: There is no i in font nullfont!
Missing character: There is no n in font nullfont!
Missing character: There is no d in font nullfont!
Missing character: There is no o in font nullfont!
Missing character: There is no w in font nullfont!
Missing character: There is no C in font nullfont!
Missing character: There is no o in font nullfont!
Missing character: There is no n in font nullfont!
Missing character: There is no s in font nullfont!
Missing character: There is no t in font nullfont!
Missing character: There is no a in font nullfont!
Missing character: There is no n in font nullfont!
Missing character: There is no t in font nullfont!
Missing character: There is no s in font nullfont!
Missing character: There is no . in font nullfont!
Missing character: There is no E in font nullfont!
Missing character: There is no X in font nullfont!
Missing character: There is no I in font nullfont!
Missing character: There is no T in font nullfont!
Missing character: There is no O in font nullfont!
Missing character: There is no N in font nullfont!
Missing character: There is no C in font nullfont!
Missing character: There is no L in font nullfont!
Missing character: There is no O in font nullfont!
Missing character: There is no S in font nullfont!
Missing character: There is no E in font nullfont!
Missing character: There is no ) in font nullfont!
! Missing { inserted.
<inserted text> 
                {
l.24 
     
I've put in what seems to be necessary to fix
the current column of the current alignment.
Try to go on, since this might almost work.


Overfull \hbox (20.0pt too wide) in paragraph at lines 15--28
[]
 []

! Undefined control sequence.
l.32 \BiChapter
               {Checkstyleæ‰€å‘ç°çš„ä»£ç é—®é¢˜æ¸…å•åŠåŸå› åˆ†æ}{}
The control sequence at the end of the top line
of your error message was never \def'ed. If you have
misspelled it (e.g., `\hobx'), type `I' and the correct
spelling (e.g., `I\hbox'). Otherwise just continue,
and I'll forget about whatever was undefined.


! LaTeX Error: Missing \begin{document}.

See the LaTeX manual or LaTeX Companion for explanation.
Type  H <return>  for immediate help.
 ...                                              
                                                  
l.32 \BiChapter{C
                 heckstyleæ‰€å‘ç°çš„ä»£ç é—®é¢˜æ¸…å•åŠåŸå› åˆ†æ}{}
You're in trouble here.  Try typing  <return>  to proceed.
If that doesn't work, type  X <return>  to quit.

Missing character: There is no C in font nullfont!
Missing character: There is no h in font nullfont!
Missing character: There is no e in font nullfont!
Missing character: There is no c in font nullfont!
Missing character: There is no k in font nullfont!
Missing character: There is no s in font nullfont!
Missing character: There is no t in font nullfont!
Missing character: There is no y in font nullfont!
Missing character: There is no l in font nullfont!
Missing character: There is no e in font nullfont!
Missing character: There is no æ‰€ in font nullfont!
Missing character: There is no å‘ in font nullfont!
Missing character: There is no ç° in font nullfont!
Missing character: There is no çš„ in font nullfont!
Missing character: There is no ä»£ in font nullfont!
Missing character: There is no ç  in font nullfont!
Missing character: There is no é—® in font nullfont!
Missing character: There is no é¢˜ in font nullfont!
Missing character: There is no æ¸… in font nullfont!
Missing character: There is no å• in font nullfont!
Missing character: There is no åŠ in font nullfont!
Missing character: There is no åŸ in font nullfont!
Missing character: There is no å›  in font nullfont!
Missing character: There is no åˆ† in font nullfont!
Missing character: There is no æ in font nullfont!
Missing character: There is no ( in font nullfont!
Missing character: There is no ä½¿ in font nullfont!
Missing character: There is no ç”¨ in font nullfont!
Missing character: There is no S in font nullfont!
Missing character: There is no u in font nullfont!
Missing character: There is no n in font nullfont!
Missing character: There is no C in font nullfont!
Missing character: There is no h in font nullfont!
Missing character: There is no e in font nullfont!
Missing character: There is no c in font nullfont!
Missing character: There is no k in font nullfont!
Missing character: There is no s in font nullfont!
Missing character: There is no è§„ in font nullfont!
Missing character: There is no åˆ™ in font nullfont!
Missing character: There is no ) in font nullfont!

Overfull \hbox (20.0pt too wide) in paragraph at lines 32--35
[]
 []


! LaTeX Error: Environment adjustwidth undefined.

See the LaTeX manual or LaTeX Companion for explanation.
Type  H <return>  for immediate help.
 ...                                              
                                                  
l.36 \begin{adjustwidth}
                        {-3px}{}
Your command was ignored.
Type  I <command> <return>  to replace it with another command,
or  <return>  to continue without it.


! LaTeX Error: Missing \begin{document}.

See the LaTeX manual or LaTeX Companion for explanation.
Type  H <return>  for immediate help.
 ...                                              
                                                  
l.36 \begin{adjustwidth}{-
                          3px}{}
You're in trouble here.  Try typing  <return>  to proceed.
If that doesn't work, type  X <return>  to quit.

Missing character: There is no - in font nullfont!
Missing character: There is no 3 in font nullfont!
Missing character: There is no p in font nullfont!
Missing character: There is no x in font nullfont!
Missing character: There is no ç¼– in font nullfont!
Missing character: There is no å· in font nullfont!
Missing character: There is no é—® in font nullfont!
Missing character: There is no é¢˜ in font nullfont!
Missing character: There is no æ in font nullfont!
Missing character: There is no è¿° in font nullfont!
Missing character: There is no ç±» in font nullfont!
Missing character: There is no å‹ in font nullfont!
Missing character: There is no æ‰€ in font nullfont!
Missing character: There is no åœ¨ in font nullfont!
Missing character: There is no ä»£ in font nullfont!
Missing character: There is no ç  in font nullfont!
Missing character: There is no è¡Œ in font nullfont!
Missing character: There is no å· in font nullfont!
Missing character: There is no ä¿® in font nullfont!
Missing character: There is no æ”¹ in font nullfont!
Missing character: There is no ç­– in font nullfont!
Missing character: There is no ç•¥ in font nullfont!
Missing character: There is no 1 in font nullfont!
! Undefined control sequence.
l.42 \makecell
              [l] {ç±»ç¼ºå°‘JavaDoc} &
The control sequence at the end of the top line
of your error message was never \def'ed. If you have
misspelled it (e.g., `\hobx'), type `I' and the correct
spelling (e.g., `I\hbox'). Otherwise just continue,
and I'll forget about whatever was undefined.

Missing character: There is no [ in font nullfont!
Missing character: There is no l in font nullfont!
Missing character: There is no ] in font nullfont!
Missing character: There is no ç±» in font nullfont!
Missing character: There is no ç¼º in font nullfont!
Missing character: There is no å°‘ in font nullfont!
Missing character: There is no J in font nullfont!
Missing character: There is no a in font nullfont!
Missing character: There is no v in font nullfont!
Missing character: There is no a in font nullfont!
Missing character: There is no D in font nullfont!
Missing character: There is no o in font nullfont!
Missing character: There is no c in font nullfont!
! Undefined control sequence.
l.43 \makecell
              [l] {æ–‡æ¡£ç¼ºå¤±} &
The control sequence at the end of the top line
of your error message was never \def'ed. If you have
misspelled it (e.g., `\hobx'), type `I' and the correct
spelling (e.g., `I\hbox'). Otherwise just continue,
and I'll forget about whatever was undefined.

Missing character: There is no [ in font nullfont!
Missing character: There is no l in font nullfont!
Missing character: There is no ] in font nullfont!
Missing character: There is no æ–‡ in font nullfont!
Missing character: There is no æ¡£ in font nullfont!
Missing character: There is no ç¼º in font nullfont!
Missing character: There is no å¤± in font nullfont!
! Undefined control sequence.
l.44 \makecell
              [l] {Edge.java \\ :3} &
The control sequence at the end of the top line
of your error message was never \def'ed. If you have
misspelled it (e.g., `\hobx'), type `I' and the correct
spelling (e.g., `I\hbox'). Otherwise just continue,
and I'll forget about whatever was undefined.

Missing character: There is no [ in font nullfont!
Missing character: There is no l in font nullfont!
Missing character: There is no ] in font nullfont!
Missing character: There is no E in font nullfont!
Missing character: There is no d in font nullfont!
Missing character: There is no g in font nullfont!
Missing character: There is no e in font nullfont!
Missing character: There is no . in font nullfont!
Missing character: There is no j in font nullfont!
Missing character: There is no a in font nullfont!
Missing character: There is no v in font nullfont!
Missing character: There is no a in font nullfont!
! Missing } inserted.
<inserted text> 
                }
l.44 \makecell[l] {Edge.java \\ :
                                 3} &
I've put in what seems to be necessary to fix
the current column of the current alignment.
Try to go on, since this might almost work.

Missing character: There is no : in font nullfont!
Missing character: There is no 3 in font nullfont!
! Missing { inserted.
<inserted text> 
                {
l.44 \makecell[l] {Edge.java \\ :3} &
                                     
I've put in what seems to be necessary to fix
the current column of the current alignment.
Try to go on, since this might almost work.

! Undefined control sequence.
l.45 \makecell
              [l] {è¡¥å……Edgeç±»æ–‡æ¡£} \\
The control sequence at the end of the top line
of your error message was never \def'ed. If you have
misspelled it (e.g., `\hobx'), type `I' and the correct
spelling (e.g., `I\hbox'). Otherwise just continue,
and I'll forget about whatever was undefined.

Missing character: There is no [ in font nullfont!
Missing character: There is no l in font nullfont!
Missing character: There is no ] in font nullfont!
Missing character: There is no è¡¥ in font nullfont!
Missing character: There is no å…… in font nullfont!
Missing character: There is no E in font nullfont!
Missing character: There is no d in font nullfont!
Missing character: There is no g in font nullfont!
Missing character: There is no e in font nullfont!
Missing character: There is no ç±» in font nullfont!
Missing character: There is no æ–‡ in font nullfont!
Missing character: There is no æ¡£ in font nullfont!
Missing character: There is no 2 in font nullfont!
! Undefined control sequence.
l.49 \makecell
              [l] {å¤§æ‹¬å·åº”ä½äº \\ ç±»ã€æ–¹æ³•å®šä¹‰åŒä¸€è¡Œ} &
The control sequence at the end of the top line
of your error message was never \def'ed. If you have
misspelled it (e.g., `\hobx'), type `I' and the correct
spelling (e.g., `I\hbox'). Otherwise just continue,
and I'll forget about whatever was undefined.

Missing character: There is no [ in font nullfont!
Missing character: There is no l in font nullfont!
Missing character: There is no ] in font nullfont!
Missing character: There is no å¤§ in font nullfont!
Missing character: There is no æ‹¬ in font nullfont!
Missing character: There is no å· in font nullfont!
Missing character: There is no åº” in font nullfont!
Missing character: There is no ä½ in font nullfont!
Missing character: There is no äº in font nullfont!
! Missing } inserted.
<inserted text> 
                }
l.49 \makecell[l] {å¤§æ‹¬å·åº”ä½äº \\ ç±»
                                            ã€æ–¹æ³•å®šä¹‰åŒä¸€è¡Œ} &
I've put in what seems to be necessary to fix
the current column of the current alignment.
Try to go on, since this might almost work.

Missing character: There is no ç±» in font nullfont!
Missing character: There is no ã€ in font nullfont!
Missing character: There is no æ–¹ in font nullfont!
Missing character: There is no æ³• in font nullfont!
Missing character: There is no å®š in font nullfont!
Missing character: There is no ä¹‰ in font nullfont!
Missing character: There is no åŒ in font nullfont!
Missing character: There is no ä¸€ in font nullfont!
Missing character: There is no è¡Œ in font nullfont!
! Missing { inserted.
<inserted text> 
                {
l.49 ...º”ä½äº \\ ç±»ã€æ–¹æ³•å®šä¹‰åŒä¸€è¡Œ} &
                                                  
I've put in what seems to be necessary to fix
the current column of the current alignment.
Try to go on, since this might almost work.

! Undefined control sequence.
l.50 \makecell
              [l] {ç±»ã€æ–¹æ³• \\ å®šä¹‰æ ¼å¼} &
The control sequence at the end of the top line
of your error message was never \def'ed. If you have
misspelled it (e.g., `\hobx'), type `I' and the correct
spelling (e.g., `I\hbox'). Otherwise just continue,
and I'll forget about whatever was undefined.

Missing character: There is no [ in font nullfont!
Missing character: There is no l in font nullfont!
Missing character: There is no ] in font nullfont!
Missing character: There is no ç±» in font nullfont!
Missing character: There is no ã€ in font nullfont!
Missing character: There is no æ–¹ in font nullfont!
Missing character: There is no æ³• in font nullfont!
! Missing } inserted.
<inserted text> 
                }
l.50 \makecell[l] {ç±»ã€æ–¹æ³• \\ å®š
                                      ä¹‰æ ¼å¼} &
I've put in what seems to be necessary to fix
the current column of the current alignment.
Try to go on, since this might almost work.

Missing character: There is no å®š in font nullfont!
Missing character: There is no ä¹‰ in font nullfont!
Missing character: There is no æ ¼ in font nullfont!
Missing character: There is no å¼ in font nullfont!
! Missing { inserted.
<inserted text> 
                {
l.50 \makecell[l] {ç±»ã€æ–¹æ³• \\ å®šä¹‰æ ¼å¼} &
                                                  
I've put in what seems to be necessary to fix
the current column of the current alignment.
Try to go on, since this might almost work.

! Undefined control sequence.
l.51 \makecell
              [l] {Edge.java \\ :4} &
The control sequence at the end of the top line
of your error message was never \def'ed. If you have
misspelled it (e.g., `\hobx'), type `I' and the correct
spelling (e.g., `I\hbox'). Otherwise just continue,
and I'll forget about whatever was undefined.

Missing character: There is no [ in font nullfont!
Missing character: There is no l in font nullfont!
Missing character: There is no ] in font nullfont!
Missing character: There is no E in font nullfont!
Missing character: There is no d in font nullfont!
Missing character: There is no g in font nullfont!
Missing character: There is no e in font nullfont!
Missing character: There is no . in font nullfont!
Missing character: There is no j in font nullfont!
Missing character: There is no a in font nullfont!
Missing character: There is no v in font nullfont!
Missing character: There is no a in font nullfont!
! Missing } inserted.
<inserted text> 
                }
l.51 \makecell[l] {Edge.java \\ :
                                 4} &
I've put in what seems to be necessary to fix
the current column of the current alignment.
Try to go on, since this might almost work.

Missing character: There is no : in font nullfont!
Missing character: There is no 4 in font nullfont!
! Missing { inserted.
<inserted text> 
                {
l.51 \makecell[l] {Edge.java \\ :4} &
                                     
I've put in what seems to be necessary to fix
the current column of the current alignment.
Try to go on, since this might almost work.

! Undefined control sequence.
l.52 \makecell
              [l] {å°†å¤§æ‹¬å·æ”¾åœ¨ \\ ç±»ã€æ–¹æ³•å®šä¹‰åŒä¸€è¡Œ} \\
The control sequence at the end of the top line
of your error message was never \def'ed. If you have
misspelled it (e.g., `\hobx'), type `I' and the correct
spelling (e.g., `I\hbox'). Otherwise just continue,
and I'll forget about whatever was undefined.

Missing character: There is no [ in font nullfont!
Missing character: There is no l in font nullfont!
Missing character: There is no ] in font nullfont!
Missing character: There is no å°† in font nullfont!
Missing character: There is no å¤§ in font nullfont!
Missing character: There is no æ‹¬ in font nullfont!
Missing character: There is no å· in font nullfont!
Missing character: There is no æ”¾ in font nullfont!
Missing character: There is no åœ¨ in font nullfont!
! Missing } inserted.
<inserted text> 
                }
l.52 \makecell[l] {å°†å¤§æ‹¬å·æ”¾åœ¨ \\ ç±»
                                            ã€æ–¹æ³•å®šä¹‰åŒä¸€è¡Œ} \\
I've put in what seems to be necessary to fix
the current column of the current alignment.
Try to go on, since this might almost work.

Missing character: There is no ç±» in font nullfont!
Missing character: There is no ã€ in font nullfont!
Missing character: There is no æ–¹ in font nullfont!
Missing character: There is no æ³• in font nullfont!
Missing character: There is no å®š in font nullfont!
Missing character: There is no ä¹‰ in font nullfont!
Missing character: There is no åŒ in font nullfont!
Missing character: There is no ä¸€ in font nullfont!
Missing character: There is no è¡Œ in font nullfont!
! Missing { inserted.
<inserted text> 
                {
l.53 
     
I've put in what seems to be necessary to fix
the current column of the current alignment.
Try to go on, since this might almost work.

Missing character: There is no 3 in font nullfont!
! Undefined control sequence.
l.56 \makecell
              [l] {','å‰ç¼ºå°‘ç©ºæ ¼} &
The control sequence at the end of the top line
of your error message was never \def'ed. If you have
misspelled it (e.g., `\hobx'), type `I' and the correct
spelling (e.g., `I\hbox'). Otherwise just continue,
and I'll forget about whatever was undefined.

Missing character: There is no [ in font nullfont!
Missing character: There is no l in font nullfont!
Missing character: There is no ] in font nullfont!
Missing character: There is no ' in font nullfont!
Missing character: There is no , in font nullfont!
Missing character: There is no ' in font nullfont!
Missing character: There is no å‰ in font nullfont!
Missing character: There is no ç¼º in font nullfont!
Missing character: There is no å°‘ in font nullfont!
Missing character: There is no ç©º in font nullfont!
Missing character: There is no æ ¼ in font nullfont!
! Undefined control sequence.
l.57 \makecell
              [l] {ç©ºæ ¼æ ¼å¼} &
The control sequence at the end of the top line
of your error message was never \def'ed. If you have
misspelled it (e.g., `\hobx'), type `I' and the correct
spelling (e.g., `I\hbox'). Otherwise just continue,
and I'll forget about whatever was undefined.

Missing character: There is no [ in font nullfont!
Missing character: There is no l in font nullfont!
Missing character: There is no ] in font nullfont!
Missing character: There is no ç©º in font nullfont!
Missing character: There is no æ ¼ in font nullfont!
Missing character: There is no æ ¼ in font nullfont!
Missing character: There is no å¼ in font nullfont!
! Undefined control sequence.
l.58 \makecell
              [l] {Edge.java \\ :5} &
The control sequence at the end of the top line
of your error message was never \def'ed. If you have
misspelled it (e.g., `\hobx'), type `I' and the correct
spelling (e.g., `I\hbox'). Otherwise just continue,
and I'll forget about whatever was undefined.

Missing character: There is no [ in font nullfont!
Missing character: There is no l in font nullfont!
Missing character: There is no ] in font nullfont!
Missing character: There is no E in font nullfont!
Missing character: There is no d in font nullfont!
Missing character: There is no g in font nullfont!
Missing character: There is no e in font nullfont!
Missing character: There is no . in font nullfont!
Missing character: There is no j in font nullfont!
Missing character: There is no a in font nullfont!
Missing character: There is no v in font nullfont!
Missing character: There is no a in font nullfont!
! Missing } inserted.
<inserted text> 
                }
l.58 \makecell[l] {Edge.java \\ :
                                 5} &
I've put in what seems to be necessary to fix
the current column of the current alignment.
Try to go on, since this might almost work.

Missing character: There is no : in font nullfont!
Missing character: There is no 5 in font nullfont!
! Missing { inserted.
<inserted text> 
                {
l.58 \makecell[l] {Edge.java \\ :5} &
                                     
I've put in what seems to be necessary to fix
the current column of the current alignment.
Try to go on, since this might almost work.

! Undefined control sequence.
l.59 \makecell
              [l] {è¡¥å……ç©ºæ ¼} \\
The control sequence at the end of the top line
of your error message was never \def'ed. If you have
misspelled it (e.g., `\hobx'), type `I' and the correct
spelling (e.g., `I\hbox'). Otherwise just continue,
and I'll forget about whatever was undefined.

Missing character: There is no [ in font nullfont!
Missing character: There is no l in font nullfont!
Missing character: There is no ] in font nullfont!
Missing character: There is no è¡¥ in font nullfont!
Missing character: There is no å…… in font nullfont!
Missing character: There is no ç©º in font nullfont!
Missing character: There is no æ ¼ in font nullfont!
Missing character: There is no 4 in font nullfont!
! Undefined control sequence.
l.63 \makecell
              [l] {åº”é¿å…åœ¨ \\ å­—è¡¨è¾¾å¼ä¸­èµ‹å€¼} &
The control sequence at the end of the top line
of your error message was never \def'ed. If you have
misspelled it (e.g., `\hobx'), type `I' and the correct
spelling (e.g., `I\hbox'). Otherwise just continue,
and I'll forget about whatever was undefined.

Missing character: There is no [ in font nullfont!
Missing character: There is no l in font nullfont!
Missing character: There is no ] in font nullfont!
Missing character: There is no åº” in font nullfont!
Missing character: There is no é¿ in font nullfont!
Missing character: There is no å… in font nullfont!
Missing character: There is no åœ¨ in font nullfont!
! Missing } inserted.
<inserted text> 
                }
l.63 \makecell[l] {åº”é¿å…åœ¨ \\ å­—
                                      è¡¨è¾¾å¼ä¸­èµ‹å€¼} &
I've put in what seems to be necessary to fix
the current column of the current alignment.
Try to go on, since this might almost work.

Missing character: There is no å­— in font nullfont!
Missing character: There is no è¡¨ in font nullfont!
Missing character: There is no è¾¾ in font nullfont!
Missing character: There is no å¼ in font nullfont!
Missing character: There is no ä¸­ in font nullfont!
Missing character: There is no èµ‹ in font nullfont!
Missing character: There is no å€¼ in font nullfont!
! Missing { inserted.
<inserted text> 
                {
l.63 ... {åº”é¿å…åœ¨ \\ å­—è¡¨è¾¾å¼ä¸­èµ‹å€¼} &
                                                  
I've put in what seems to be necessary to fix
the current column of the current alignment.
Try to go on, since this might almost work.

! Undefined control sequence.
l.64 \makecell
              [l] {èµ‹å€¼æ ¼å¼} &
The control sequence at the end of the top line
of your error message was never \def'ed. If you have
misspelled it (e.g., `\hobx'), type `I' and the correct
spelling (e.g., `I\hbox'). Otherwise just continue,
and I'll forget about whatever was undefined.

Missing character: There is no [ in font nullfont!
Missing character: There is no l in font nullfont!
Missing character: There is no ] in font nullfont!
Missing character: There is no èµ‹ in font nullfont!
Missing character: There is no å€¼ in font nullfont!
Missing character: There is no æ ¼ in font nullfont!
Missing character: There is no å¼ in font nullfont!
! Undefined control sequence.
l.65 \makecell
              [l] {Edge.java \\ :10} &
The control sequence at the end of the top line
of your error message was never \def'ed. If you have
misspelled it (e.g., `\hobx'), type `I' and the correct
spelling (e.g., `I\hbox'). Otherwise just continue,
and I'll forget about whatever was undefined.

Missing character: There is no [ in font nullfont!
Missing character: There is no l in font nullfont!
Missing character: There is no ] in font nullfont!
Missing character: There is no E in font nullfont!
Missing character: There is no d in font nullfont!
Missing character: There is no g in font nullfont!
Missing character: There is no e in font nullfont!
Missing character: There is no . in font nullfont!
Missing character: There is no j in font nullfont!
Missing character: There is no a in font nullfont!
Missing character: There is no v in font nullfont!
Missing character: There is no a in font nullfont!
! Missing } inserted.
<inserted text> 
                }
l.65 \makecell[l] {Edge.java \\ :
                                 10} &
I've put in what seems to be necessary to fix
the current column of the current alignment.
Try to go on, since this might almost work.

Missing character: There is no : in font nullfont!
Missing character: There is no 1 in font nullfont!
Missing character: There is no 0 in font nullfont!
! Missing { inserted.
<inserted text> 
                {
l.65 \makecell[l] {Edge.java \\ :10} &
                                      
I've put in what seems to be necessary to fix
the current column of the current alignment.
Try to go on, since this might almost work.

! Undefined control sequence.
l.66 \makecell
              [l] {å°†èµ‹å€¼æ‹†åˆ†æˆå¤šè¡Œ} \\
The control sequence at the end of the top line
of your error message was never \def'ed. If you have
misspelled it (e.g., `\hobx'), type `I' and the correct
spelling (e.g., `I\hbox'). Otherwise just continue,
and I'll forget about whatever was undefined.

Missing character: There is no [ in font nullfont!
Missing character: There is no l in font nullfont!
Missing character: There is no ] in font nullfont!
Missing character: There is no å°† in font nullfont!
Missing character: There is no èµ‹ in font nullfont!
Missing character: There is no å€¼ in font nullfont!
Missing character: There is no æ‹† in font nullfont!
Missing character: There is no åˆ† in font nullfont!
Missing character: There is no æˆ in font nullfont!
Missing character: There is no å¤š in font nullfont!
Missing character: There is no è¡Œ in font nullfont!
Missing character: There is no 5 in font nullfont!
! Undefined control sequence.
l.70 \makecell
              [l] {å‚æ•°xxxåº” \\ å®šä¹‰ä¸ºfinalçš„} &
The control sequence at the end of the top line
of your error message was never \def'ed. If you have
misspelled it (e.g., `\hobx'), type `I' and the correct
spelling (e.g., `I\hbox'). Otherwise just continue,
and I'll forget about whatever was undefined.

Missing character: There is no [ in font nullfont!
Missing character: There is no l in font nullfont!
Missing character: There is no ] in font nullfont!
Missing character: There is no å‚ in font nullfont!
Missing character: There is no æ•° in font nullfont!
Missing character: There is no x in font nullfont!
Missing character: There is no x in font nullfont!
Missing character: There is no x in font nullfont!
Missing character: There is no åº” in font nullfont!
! Missing } inserted.
<inserted text> 
                }
l.70 \makecell[l] {å‚æ•°xxxåº” \\ å®š
                                      ä¹‰ä¸ºfinalçš„} &
I've put in what seems to be necessary to fix
the current column of the current alignment.
Try to go on, since this might almost work.

Missing character: There is no å®š in font nullfont!
Missing character: There is no ä¹‰ in font nullfont!
Missing character: There is no ä¸º in font nullfont!
Missing character: There is no f in font nullfont!
Missing character: There is no i in font nullfont!
Missing character: There is no n in font nullfont!
Missing character: There is no a in font nullfont!
Missing character: There is no l in font nullfont!
Missing character: There is no çš„ in font nullfont!
! Missing { inserted.
<inserted text> 
                {
l.70 ...l[l] {å‚æ•°xxxåº” \\ å®šä¹‰ä¸ºfinalçš„} &
                                                  
I've put in what seems to be necessary to fix
the current column of the current alignment.
Try to go on, since this might almost work.

! Undefined control sequence.
l.71 \makecell
              [l] {åªè¯»å‚æ•°ä½¿ç”¨} &
The control sequence at the end of the top line
of your error message was never \def'ed. If you have
misspelled it (e.g., `\hobx'), type `I' and the correct
spelling (e.g., `I\hbox'). Otherwise just continue,
and I'll forget about whatever was undefined.

Missing character: There is no [ in font nullfont!
Missing character: There is no l in font nullfont!
Missing character: There is no ] in font nullfont!
Missing character: There is no åª in font nullfont!
Missing character: There is no è¯» in font nullfont!
Missing character: There is no å‚ in font nullfont!
Missing character: There is no æ•° in font nullfont!
Missing character: There is no ä½¿ in font nullfont!
Missing character: There is no ç”¨ in font nullfont!
! Undefined control sequence.
l.72 \makecell
              [l] {Edge.java \\ :12} &
The control sequence at the end of the top line
of your error message was never \def'ed. If you have
misspelled it (e.g., `\hobx'), type `I' and the correct
spelling (e.g., `I\hbox'). Otherwise just continue,
and I'll forget about whatever was undefined.

Missing character: There is no [ in font nullfont!
Missing character: There is no l in font nullfont!
Missing character: There is no ] in font nullfont!
Missing character: There is no E in font nullfont!
Missing character: There is no d in font nullfont!
Missing character: There is no g in font nullfont!
Missing character: There is no e in font nullfont!
Missing character: There is no . in font nullfont!
Missing character: There is no j in font nullfont!
Missing character: There is no a in font nullfont!
Missing character: There is no v in font nullfont!
Missing character: There is no a in font nullfont!
! Missing } inserted.
<inserted text> 
                }
l.72 \makecell[l] {Edge.java \\ :
                                 12} &
I've put in what seems to be necessary to fix
the current column of the current alignment.
Try to go on, since this might almost work.

Missing character: There is no : in font nullfont!
Missing character: There is no 1 in font nullfont!
Missing character: There is no 2 in font nullfont!
! Missing { inserted.
<inserted text> 
                {
l.72 \makecell[l] {Edge.java \\ :12} &
                                      
I've put in what seems to be necessary to fix
the current column of the current alignment.
Try to go on, since this might almost work.

! Undefined control sequence.
l.73 \makecell
              [l] {ä¸ºå˜é‡å£°æ˜ \\ å¢åŠ finalå…³é”®å­—} \\
The control sequence at the end of the top line
of your error message was never \def'ed. If you have
misspelled it (e.g., `\hobx'), type `I' and the correct
spelling (e.g., `I\hbox'). Otherwise just continue,
and I'll forget about whatever was undefined.

Missing character: There is no [ in font nullfont!
Missing character: There is no l in font nullfont!
Missing character: There is no ] in font nullfont!
Missing character: There is no ä¸º in font nullfont!
Missing character: There is no å˜ in font nullfont!
Missing character: There is no é‡ in font nullfont!
Missing character: There is no å£° in font nullfont!
Missing character: There is no æ˜ in font nullfont!
! Missing } inserted.
<inserted text> 
                }
l.73 \makecell[l] {ä¸ºå˜é‡å£°æ˜ \\ å¢
                                         åŠ finalå…³é”®å­—} \\
I've put in what seems to be necessary to fix
the current column of the current alignment.
Try to go on, since this might almost work.

Missing character: There is no å¢ in font nullfont!
Missing character: There is no åŠ  in font nullfont!
Missing character: There is no f in font nullfont!
Missing character: There is no i in font nullfont!
Missing character: There is no n in font nullfont!
Missing character: There is no a in font nullfont!
Missing character: There is no l in font nullfont!
Missing character: There is no å…³ in font nullfont!
Missing character: There is no é”® in font nullfont!
Missing character: There is no å­— in font nullfont!
! Missing { inserted.
<inserted text> 
                {
l.74 
     
I've put in what seems to be necessary to fix
the current column of the current alignment.
Try to go on, since this might almost work.

Missing character: There is no 6 in font nullfont!
! Undefined control sequence.
l.77 \makecell
              [l] {'\{'ååº”æ¢è¡Œ} &
The control sequence at the end of the top line
of your error message was never \def'ed. If you have
misspelled it (e.g., `\hobx'), type `I' and the correct
spelling (e.g., `I\hbox'). Otherwise just continue,
and I'll forget about whatever was undefined.

Missing character: There is no [ in font nullfont!
Missing character: There is no l in font nullfont!
Missing character: There is no ] in font nullfont!
Missing character: There is no ' in font nullfont!
LaTeX Font Info:    Try loading font information for OMS+lmr on input line 77.
(H:\TEX\tex\latex\lm\omslmr.fd
File: omslmr.fd 2009/10/30 v1.6 Font defs for Latin Modern
)
LaTeX Font Info:    Try loading font information for OMS+lmsy on input line 77.

 (H:\TEX\tex\latex\lm\omslmsy.fd
File: omslmsy.fd 2009/10/30 v1.6 Font defs for Latin Modern
)
LaTeX Font Info:    Font shape `OMS/lmr/m/n' in size <10> not available
(Font)              Font shape `OMS/lmsy/m/n' tried instead on input line 77.
Missing character: There is no ' in font nullfont!
Missing character: There is no å in font nullfont!
Missing character: There is no åº” in font nullfont!
Missing character: There is no æ¢ in font nullfont!
Missing character: There is no è¡Œ in font nullfont!

! Undefined control sequence.
l.78 \makecell
              [l] {é¿å…åœ¨ä¸€è¡Œä¸­ \\ å®šä¹‰æ–¹æ³•} &
The control sequence at the end of the top line
of your error message was never \def'ed. If you have
misspelled it (e.g., `\hobx'), type `I' and the correct
spelling (e.g., `I\hbox'). Otherwise just continue,
and I'll forget about whatever was undefined.

Missing character: There is no [ in font nullfont!
Missing character: There is no l in font nullfont!
Missing character: There is no ] in font nullfont!
Missing character: There is no é¿ in font nullfont!
Missing character: There is no å… in font nullfont!
Missing character: There is no åœ¨ in font nullfont!
Missing character: There is no ä¸€ in font nullfont!
Missing character: There is no è¡Œ in font nullfont!
Missing character: There is no ä¸­ in font nullfont!
! Missing } inserted.
<inserted text> 
                }
l.78 \makecell[l] {é¿å…åœ¨ä¸€è¡Œä¸­ \\ å®š
                                            ä¹‰æ–¹æ³•} &
I've put in what seems to be necessary to fix
the current column of the current alignment.
Try to go on, since this might almost work.

Missing character: There is no å®š in font nullfont!
Missing character: There is no ä¹‰ in font nullfont!
Missing character: There is no æ–¹ in font nullfont!
Missing character: There is no æ³• in font nullfont!
! Missing { inserted.
<inserted text> 
                {
l.78 ...[l] {é¿å…åœ¨ä¸€è¡Œä¸­ \\ å®šä¹‰æ–¹æ³•} &
                                                  
I've put in what seems to be necessary to fix
the current column of the current alignment.
Try to go on, since this might almost work.

! Undefined control sequence.
l.79 \makecell
              [l] {Edge.java \\ :33} &
The control sequence at the end of the top line
of your error message was never \def'ed. If you have
misspelled it (e.g., `\hobx'), type `I' and the correct
spelling (e.g., `I\hbox'). Otherwise just continue,
and I'll forget about whatever was undefined.

Missing character: There is no [ in font nullfont!
Missing character: There is no l in font nullfont!
Missing character: There is no ] in font nullfont!
Missing character: There is no E in font nullfont!
Missing character: There is no d in font nullfont!
Missing character: There is no g in font nullfont!
Missing character: There is no e in font nullfont!
Missing character: There is no . in font nullfont!
Missing character: There is no j in font nullfont!
Missing character: There is no a in font nullfont!
Missing character: There is no v in font nullfont!
Missing character: There is no a in font nullfont!
! Missing } inserted.
<inserted text> 
                }
l.79 \makecell[l] {Edge.java \\ :
                                 33} &
I've put in what seems to be necessary to fix
the current column of the current alignment.
Try to go on, since this might almost work.

Missing character: There is no : in font nullfont!
Missing character: There is no 3 in font nullfont!
Missing character: There is no 3 in font nullfont!
! Missing { inserted.
<inserted text> 
                {
l.79 \makecell[l] {Edge.java \\ :33} &
                                      
I've put in what seems to be necessary to fix
the current column of the current alignment.
Try to go on, since this might almost work.

! Undefined control sequence.
l.80 \makecell
              [l] {ä¸ºæ–¹æ³•å®šä¹‰ \\ è§„èŒƒæ¢è¡Œ} \\
The control sequence at the end of the top line
of your error message was never \def'ed. If you have
misspelled it (e.g., `\hobx'), type `I' and the correct
spelling (e.g., `I\hbox'). Otherwise just continue,
and I'll forget about whatever was undefined.

Missing character: There is no [ in font nullfont!
Missing character: There is no l in font nullfont!
Missing character: There is no ] in font nullfont!
Missing character: There is no ä¸º in font nullfont!
Missing character: There is no æ–¹ in font nullfont!
Missing character: There is no æ³• in font nullfont!
Missing character: There is no å®š in font nullfont!
Missing character: There is no ä¹‰ in font nullfont!
! Missing } inserted.
<inserted text> 
                }
l.80 \makecell[l] {ä¸ºæ–¹æ³•å®šä¹‰ \\ è§„
                                         èŒƒæ¢è¡Œ} \\
I've put in what seems to be necessary to fix
the current column of the current alignment.
Try to go on, since this might almost work.

Missing character: There is no è§„ in font nullfont!
Missing character: There is no èŒƒ in font nullfont!
Missing character: There is no æ¢ in font nullfont!
Missing character: There is no è¡Œ in font nullfont!
! Missing { inserted.
<inserted text> 
                {
l.81 
     
I've put in what seems to be necessary to fix
the current column of the current alignment.
Try to go on, since this might almost work.

Missing character: There is no 7 in font nullfont!
! Undefined control sequence.
l.84 \makecell
              [l] {if/elseç»“æ„ \\ å¿…é¡»ä½¿ç”¨å¤§æ‹¬å·} &
The control sequence at the end of the top line
of your error message was never \def'ed. If you have
misspelled it (e.g., `\hobx'), type `I' and the correct
spelling (e.g., `I\hbox'). Otherwise just continue,
and I'll forget about whatever was undefined.

Missing character: There is no [ in font nullfont!
Missing character: There is no l in font nullfont!
Missing character: There is no ] in font nullfont!
Missing character: There is no i in font nullfont!
Missing character: There is no f in font nullfont!
Missing character: There is no / in font nullfont!
Missing character: There is no e in font nullfont!
Missing character: There is no l in font nullfont!
Missing character: There is no s in font nullfont!
Missing character: There is no e in font nullfont!
Missing character: There is no ç»“ in font nullfont!
Missing character: There is no æ„ in font nullfont!
! Missing } inserted.
<inserted text> 
                }
l.84 \makecell[l] {if/elseç»“æ„ \\ å¿…
                                       é¡»ä½¿ç”¨å¤§æ‹¬å·} &
I've put in what seems to be necessary to fix
the current column of the current alignment.
Try to go on, since this might almost work.

Missing character: There is no å¿… in font nullfont!
Missing character: There is no é¡» in font nullfont!
Missing character: There is no ä½¿ in font nullfont!
Missing character: There is no ç”¨ in font nullfont!
Missing character: There is no å¤§ in font nullfont!
Missing character: There is no æ‹¬ in font nullfont!
Missing character: There is no å· in font nullfont!
! Missing { inserted.
<inserted text> 
                {
l.84 ...{if/elseç»“æ„ \\ å¿…é¡»ä½¿ç”¨å¤§æ‹¬å·} &
                                                  
I've put in what seems to be necessary to fix
the current column of the current alignment.
Try to go on, since this might almost work.

! Undefined control sequence.
l.85 \makecell
              [l] {æ§åˆ¶ç»“æ„ \\ å¯è¯»æ€§} &
The control sequence at the end of the top line
of your error message was never \def'ed. If you have
misspelled it (e.g., `\hobx'), type `I' and the correct
spelling (e.g., `I\hbox'). Otherwise just continue,
and I'll forget about whatever was undefined.

Missing character: There is no [ in font nullfont!
Missing character: There is no l in font nullfont!
Missing character: There is no ] in font nullfont!
Missing character: There is no æ§ in font nullfont!
Missing character: There is no åˆ¶ in font nullfont!
Missing character: There is no ç»“ in font nullfont!
Missing character: There is no æ„ in font nullfont!
! Missing } inserted.
<inserted text> 
                }
l.85 \makecell[l] {æ§åˆ¶ç»“æ„ \\ å¯
                                      è¯»æ€§} &
I've put in what seems to be necessary to fix
the current column of the current alignment.
Try to go on, since this might almost work.

Missing character: There is no å¯ in font nullfont!
Missing character: There is no è¯» in font nullfont!
Missing character: There is no æ€§ in font nullfont!
! Missing { inserted.
<inserted text> 
                {
l.85 \makecell[l] {æ§åˆ¶ç»“æ„ \\ å¯è¯»æ€§} &
                                               
I've put in what seems to be necessary to fix
the current column of the current alignment.
Try to go on, since this might almost work.

! Undefined control sequence.
l.86 \makecell
              [l] {Edge.java \\ :36} &
The control sequence at the end of the top line
of your error message was never \def'ed. If you have
misspelled it (e.g., `\hobx'), type `I' and the correct
spelling (e.g., `I\hbox'). Otherwise just continue,
and I'll forget about whatever was undefined.

Missing character: There is no [ in font nullfont!
Missing character: There is no l in font nullfont!
Missing character: There is no ] in font nullfont!
Missing character: There is no E in font nullfont!
Missing character: There is no d in font nullfont!
Missing character: There is no g in font nullfont!
Missing character: There is no e in font nullfont!
Missing character: There is no . in font nullfont!
Missing character: There is no j in font nullfont!
Missing character: There is no a in font nullfont!
Missing character: There is no v in font nullfont!
Missing character: There is no a in font nullfont!
! Missing } inserted.
<inserted text> 
                }
l.86 \makecell[l] {Edge.java \\ :
                                 36} &
I've put in what seems to be necessary to fix
the current column of the current alignment.
Try to go on, since this might almost work.

Missing character: There is no : in font nullfont!
Missing character: There is no 3 in font nullfont!
Missing character: There is no 6 in font nullfont!
! Missing { inserted.
<inserted text> 
                {
l.86 \makecell[l] {Edge.java \\ :36} &
                                      
I've put in what seems to be necessary to fix
the current column of the current alignment.
Try to go on, since this might almost work.

! Undefined control sequence.
l.87 \makecell
              [l] {ä¸ºifç»“æ„ \\ æ·»åŠ å¤§æ‹¬å·} \\
The control sequence at the end of the top line
of your error message was never \def'ed. If you have
misspelled it (e.g., `\hobx'), type `I' and the correct
spelling (e.g., `I\hbox'). Otherwise just continue,
and I'll forget about whatever was undefined.

Missing character: There is no [ in font nullfont!
Missing character: There is no l in font nullfont!
Missing character: There is no ] in font nullfont!
Missing character: There is no ä¸º in font nullfont!
Missing character: There is no i in font nullfont!
Missing character: There is no f in font nullfont!
Missing character: There is no ç»“ in font nullfont!
Missing character: There is no æ„ in font nullfont!
! Missing } inserted.
<inserted text> 
                }
l.87 \makecell[l] {ä¸ºifç»“æ„ \\ æ·»
                                     åŠ å¤§æ‹¬å·} \\
I've put in what seems to be necessary to fix
the current column of the current alignment.
Try to go on, since this might almost work.

Missing character: There is no æ·» in font nullfont!
Missing character: There is no åŠ  in font nullfont!
Missing character: There is no å¤§ in font nullfont!
Missing character: There is no æ‹¬ in font nullfont!
Missing character: There is no å· in font nullfont!
! Missing { inserted.
<inserted text> 
                {
l.88 
     
I've put in what seems to be necessary to fix
the current column of the current alignment.
Try to go on, since this might almost work.


! LaTeX Error: \begin{document} ended by \end{adjustwidth}.

See the LaTeX manual or LaTeX Companion for explanation.
Type  H <return>  for immediate help.
 ...                                              
                                                  
l.92 \end{adjustwidth}
                      
Your command was ignored.
Type  I <command> <return>  to replace it with another command,
or  <return>  to continue without it.

! Undefined control sequence.
l.94 \BiChapter
               {PMDæ‰€å‘ç°çš„ä»£ç é—®é¢˜æ¸…å•åŠåŸå› åˆ†æ}{}
The control sequence at the end of the top line
of your error message was never \def'ed. If you have
misspelled it (e.g., `\hobx'), type `I' and the correct
spelling (e.g., `I\hbox'). Otherwise just continue,
and I'll forget about whatever was undefined.

Missing character: There is no P in font nullfont!
Missing character: There is no M in font nullfont!
Missing character: There is no D in font nullfont!
Missing character: There is no æ‰€ in font nullfont!
Missing character: There is no å‘ in font nullfont!
Missing character: There is no ç° in font nullfont!
Missing character: There is no çš„ in font nullfont!
Missing character: There is no ä»£ in font nullfont!
Missing character: There is no ç  in font nullfont!
Missing character: There is no é—® in font nullfont!
Missing character: There is no é¢˜ in font nullfont!
Missing character: There is no æ¸… in font nullfont!
Missing character: There is no å• in font nullfont!
Missing character: There is no åŠ in font nullfont!
Missing character: There is no åŸ in font nullfont!
Missing character: There is no å›  in font nullfont!
Missing character: There is no åˆ† in font nullfont!
Missing character: There is no æ in font nullfont!

Overfull \hbox (20.0pt too wide) in paragraph at lines 36--95
[]
 []


Overfull \hbox (5.00002pt too wide) in paragraph at lines 36--95
[]
 []

! Undefined control sequence.
l.97 \BiChapter
               {FindBugsæ‰€å‘ç°çš„ä»£ç é—®é¢˜æ¸…å•åŠåŸå› åˆ†æ}{}
The control sequence at the end of the top line
of your error message was never \def'ed. If you have
misspelled it (e.g., `\hobx'), type `I' and the correct
spelling (e.g., `I\hbox'). Otherwise just continue,
and I'll forget about whatever was undefined.


! LaTeX Error: Missing \begin{document}.

See the LaTeX manual or LaTeX Companion for explanation.
Type  H <return>  for immediate help.
 ...                                              
                                                  
l.97 \BiChapter{F
                 indBugsæ‰€å‘ç°çš„ä»£ç é—®é¢˜æ¸…å•åŠåŸå› åˆ†æ}{}
You're in trouble here.  Try typing  <return>  to proceed.
If that doesn't work, type  X <return>  to quit.

Missing character: There is no F in font nullfont!
Missing character: There is no i in font nullfont!
Missing character: There is no n in font nullfont!
Missing character: There is no d in font nullfont!
Missing character: There is no B in font nullfont!
Missing character: There is no u in font nullfont!
Missing character: There is no g in font nullfont!
Missing character: There is no s in font nullfont!
Missing character: There is no æ‰€ in font nullfont!
Missing character: There is no å‘ in font nullfont!
Missing character: There is no ç° in font nullfont!
Missing character: There is no çš„ in font nullfont!
Missing character: There is no ä»£ in font nullfont!
Missing character: There is no ç  in font nullfont!
Missing character: There is no é—® in font nullfont!
Missing character: There is no é¢˜ in font nullfont!
Missing character: There is no æ¸… in font nullfont!
Missing character: There is no å• in font nullfont!
Missing character: There is no åŠ in font nullfont!
Missing character: There is no åŸ in font nullfont!
Missing character: There is no å›  in font nullfont!
Missing character: There is no åˆ† in font nullfont!
Missing character: There is no æ in font nullfont!

Overfull \hbox (20.0pt too wide) in paragraph at lines 97--98
[] 
 []

! Undefined control sequence.
l.100 \BiChapter
                {VisualVMæ€§èƒ½åˆ†æç»“æœ}{}
The control sequence at the end of the top line
of your error message was never \def'ed. If you have
misspelled it (e.g., `\hobx'), type `I' and the correct
spelling (e.g., `I\hbox'). Otherwise just continue,
and I'll forget about whatever was undefined.


! LaTeX Error: Missing \begin{document}.

See the LaTeX manual or LaTeX Companion for explanation.
Type  H <return>  for immediate help.
 ...                                              
                                                  
l.100 \BiChapter{V
                  isualVMæ€§èƒ½åˆ†æç»“æœ}{}
You're in trouble here.  Try typing  <return>  to proceed.
If that doesn't work, type  X <return>  to quit.

Missing character: There is no V in font nullfont!
Missing character: There is no i in font nullfont!
Missing character: There is no s in font nullfont!
Missing character: There is no u in font nullfont!
Missing character: There is no a in font nullfont!
Missing character: There is no l in font nullfont!
Missing character: There is no V in font nullfont!
Missing character: There is no M in font nullfont!
Missing character: There is no æ€§ in font nullfont!
Missing character: There is no èƒ½ in font nullfont!
Missing character: There is no åˆ† in font nullfont!
Missing character: There is no æ in font nullfont!
Missing character: There is no ç»“ in font nullfont!
Missing character: There is no æœ in font nullfont!
! Undefined control sequence.
l.101 \BiSection
                {æ‰§è¡Œæ—¶é—´çš„ç»Ÿè®¡ç»“æœä¸åŸå› åˆ†æ}{}
The control sequence at the end of the top line
of your error message was never \def'ed. If you have
misspelled it (e.g., `\hobx'), type `I' and the correct
spelling (e.g., `I\hbox'). Otherwise just continue,
and I'll forget about whatever was undefined.

Missing character: There is no æ‰§ in font nullfont!
Missing character: There is no è¡Œ in font nullfont!
Missing character: There is no æ—¶ in font nullfont!
Missing character: There is no é—´ in font nullfont!
Missing character: There is no çš„ in font nullfont!
Missing character: There is no ç»Ÿ in font nullfont!
Missing character: There is no è®¡ in font nullfont!
Missing character: There is no ç»“ in font nullfont!
Missing character: There is no æœ in font nullfont!
Missing character: There is no ä¸ in font nullfont!
Missing character: There is no åŸ in font nullfont!
Missing character: There is no å›  in font nullfont!
Missing character: There is no åˆ† in font nullfont!
Missing character: There is no æ in font nullfont!
! Undefined control sequence.
l.102 \BiSection
                {å†…å­˜å ç”¨çš„ç»Ÿè®¡ç»“æœä¸åŸå› åˆ†æ}{}
The control sequence at the end of the top line
of your error message was never \def'ed. If you have
misspelled it (e.g., `\hobx'), type `I' and the correct
spelling (e.g., `I\hbox'). Otherwise just continue,
and I'll forget about whatever was undefined.

Missing character: There is no å†… in font nullfont!
Missing character: There is no å­˜ in font nullfont!
Missing character: There is no å  in font nullfont!
Missing character: There is no ç”¨ in font nullfont!
Missing character: There is no çš„ in font nullfont!
Missing character: There is no ç»Ÿ in font nullfont!
Missing character: There is no è®¡ in font nullfont!
Missing character: There is no ç»“ in font nullfont!
Missing character: There is no æœ in font nullfont!
Missing character: There is no ä¸ in font nullfont!
Missing character: There is no åŸ in font nullfont!
Missing character: There is no å›  in font nullfont!
Missing character: There is no åˆ† in font nullfont!
Missing character: There is no æ in font nullfont!
! Undefined control sequence.
l.103 \BiSection
                {ä»£ç æ”¹è¿›ä¹‹åçš„æ‰§è¡Œæ—¶é—´ç»Ÿè®¡ç»“æœ}{}
The control sequence at the end of the top line
of your error message was never \def'ed. If you have
misspelled it (e.g., `\hobx'), type `I' and the correct
spelling (e.g., `I\hbox'). Otherwise just continue,
and I'll forget about whatever was undefined.

Missing character: There is no ä»£ in font nullfont!
Missing character: There is no ç  in font nullfont!
Missing character: There is no æ”¹ in font nullfont!
Missing character: There is no è¿› in font nullfont!
Missing character: There is no ä¹‹ in font nullfont!
Missing character: There is no å in font nullfont!
Missing character: There is no çš„ in font nullfont!
Missing character: There is no æ‰§ in font nullfont!
Missing character: There is no è¡Œ in font nullfont!
Missing character: There is no æ—¶ in font nullfont!
Missing character: There is no é—´ in font nullfont!
Missing character: There is no ç»Ÿ in font nullfont!
Missing character: There is no è®¡ in font nullfont!
Missing character: There is no ç»“ in font nullfont!
Missing character: There is no æœ in font nullfont!
! Undefined control sequence.
l.104 \BiSection
                {ä»£ç æ”¹è¿›ä¹‹åçš„å†…å­˜å ç”¨ç»Ÿè®¡ç»“æœ}{}
The control sequence at the end of the top line
of your error message was never \def'ed. If you have
misspelled it (e.g., `\hobx'), type `I' and the correct
spelling (e.g., `I\hbox'). Otherwise just continue,
and I'll forget about whatever was undefined.

Missing character: There is no ä»£ in font nullfont!
Missing character: There is no ç  in font nullfont!
Missing character: There is no æ”¹ in font nullfont!
Missing character: There is no è¿› in font nullfont!
Missing character: There is no ä¹‹ in font nullfont!
Missing character: There is no å in font nullfont!
Missing character: There is no çš„ in font nullfont!
Missing character: There is no å†… in font nullfont!
Missing character: There is no å­˜ in font nullfont!
Missing character: There is no å  in font nullfont!
Missing character: There is no ç”¨ in font nullfont!
Missing character: There is no ç»Ÿ in font nullfont!
Missing character: There is no è®¡ in font nullfont!
Missing character: There is no ç»“ in font nullfont!
Missing character: There is no æœ in font nullfont!

Overfull \hbox (20.0pt too wide) in paragraph at lines 100--105
[]
 []

! Undefined control sequence.
l.107 \BiChapter
                {åˆ©ç”¨Git/GitHubè¿›è¡Œåä½œçš„è¿‡ç¨‹}{}
The control sequence at the end of the top line
of your error message was never \def'ed. If you have
misspelled it (e.g., `\hobx'), type `I' and the correct
spelling (e.g., `I\hbox'). Otherwise just continue,
and I'll forget about whatever was undefined.


! LaTeX Error: Missing \begin{document}.

See the LaTeX manual or LaTeX Companion for explanation.
Type  H <return>  for immediate help.
 ...                                              
                                                  
l.107 \BiChapter{åˆ©
                    ç”¨Git/GitHubè¿›è¡Œåä½œçš„è¿‡ç¨‹}{}
You're in trouble here.  Try typing  <return>  to proceed.
If that doesn't work, type  X <return>  to quit.

Missing character: There is no åˆ© in font nullfont!
Missing character: There is no ç”¨ in font nullfont!
Missing character: There is no G in font nullfont!
Missing character: There is no i in font nullfont!
Missing character: There is no t in font nullfont!
Missing character: There is no / in font nullfont!
Missing character: There is no G in font nullfont!
Missing character: There is no i in font nullfont!
Missing character: There is no t in font nullfont!
Missing character: There is no H in font nullfont!
Missing character: There is no u in font nullfont!
Missing character: There is no b in font nullfont!
Missing character: There is no è¿› in font nullfont!
Missing character: There is no è¡Œ in font nullfont!
Missing character: There is no å in font nullfont!
Missing character: There is no ä½œ in font nullfont!
Missing character: There is no çš„ in font nullfont!
Missing character: There is no è¿‡ in font nullfont!
Missing character: There is no ç¨‹ in font nullfont!

Overfull \hbox (20.0pt too wide) in paragraph at lines 107--108
[] 
 []

! Undefined control sequence.
l.110 \BiChapter
                {è¯„è¿°}{}
The control sequence at the end of the top line
of your error message was never \def'ed. If you have
misspelled it (e.g., `\hobx'), type `I' and the correct
spelling (e.g., `I\hbox'). Otherwise just continue,
and I'll forget about whatever was undefined.


! LaTeX Error: Missing \begin{document}.

See the LaTeX manual or LaTeX Companion for explanation.
Type  H <return>  for immediate help.
 ...                                              
                                                  
l.110 \BiChapter{è¯„
                    è¿°}{}
You're in trouble here.  Try typing  <return>  to proceed.
If that doesn't work, type  X <return>  to quit.

Missing character: There is no è¯„ in font nullfont!
Missing character: There is no è¿° in font nullfont!
! Undefined control sequence.
l.111 \BiSection
                {å¯¹ä»£ç è§„èŒƒæ–¹é¢çš„è¯„è¿°}{}
The control sequence at the end of the top line
of your error message was never \def'ed. If you have
misspelled it (e.g., `\hobx'), type `I' and the correct
spelling (e.g., `I\hbox'). Otherwise just continue,
and I'll forget about whatever was undefined.

Missing character: There is no å¯¹ in font nullfont!
Missing character: There is no ä»£ in font nullfont!
Missing character: There is no ç  in font nullfont!
Missing character: There is no è§„ in font nullfont!
Missing character: There is no èŒƒ in font nullfont!
Missing character: There is no æ–¹ in font nullfont!
Missing character: There is no é¢ in font nullfont!
Missing character: There is no çš„ in font nullfont!
Missing character: There is no è¯„ in font nullfont!
Missing character: There is no è¿° in font nullfont!
! Undefined control sequence.
l.112 \BiSection
                {å¯¹ä»£ç æ€§èƒ½æ–¹é¢çš„è¯„è¿°}{}
The control sequence at the end of the top line
of your error message was never \def'ed. If you have
misspelled it (e.g., `\hobx'), type `I' and the correct
spelling (e.g., `I\hbox'). Otherwise just continue,
and I'll forget about whatever was undefined.

Missing character: There is no å¯¹ in font nullfont!
Missing character: There is no ä»£ in font nullfont!
Missing character: There is no ç  in font nullfont!
Missing character: There is no æ€§ in font nullfont!
Missing character: There is no èƒ½ in font nullfont!
Missing character: There is no æ–¹ in font nullfont!
Missing character: There is no é¢ in font nullfont!
Missing character: There is no çš„ in font nullfont!
Missing character: There is no è¯„ in font nullfont!
Missing character: There is no è¿° in font nullfont!

Overfull \hbox (20.0pt too wide) in paragraph at lines 110--113
[]
 []

! Undefined control sequence.
l.115 \BiChapter
                {è®¡åˆ’ä¸å®é™…è¿›åº¦}{}
The control sequence at the end of the top line
of your error message was never \def'ed. If you have
misspelled it (e.g., `\hobx'), type `I' and the correct
spelling (e.g., `I\hbox'). Otherwise just continue,
and I'll forget about whatever was undefined.


! LaTeX Error: Missing \begin{document}.

See the LaTeX manual or LaTeX Companion for explanation.
Type  H <return>  for immediate help.
 ...                                              
                                                  
l.115 \BiChapter{è®¡
                    åˆ’ä¸å®é™…è¿›åº¦}{}
You're in trouble here.  Try typing  <return>  to proceed.
If that doesn't work, type  X <return>  to quit.

Missing character: There is no è®¡ in font nullfont!
Missing character: There is no åˆ’ in font nullfont!
Missing character: There is no ä¸ in font nullfont!
Missing character: There is no å® in font nullfont!
Missing character: There is no é™… in font nullfont!
Missing character: There is no è¿› in font nullfont!
Missing character: There is no åº¦ in font nullfont!

Overfull \hbox (20.0pt too wide) in paragraph at lines 115--116
[] 
 []

! Undefined control sequence.
l.118 \BiChapter
                {å°ç»“}{}
The control sequence at the end of the top line
of your error message was never \def'ed. If you have
misspelled it (e.g., `\hobx'), type `I' and the correct
spelling (e.g., `I\hbox'). Otherwise just continue,
and I'll forget about whatever was undefined.


! LaTeX Error: Missing \begin{document}.

See the LaTeX manual or LaTeX Companion for explanation.
Type  H <return>  for immediate help.
 ...                                              
                                                  
l.118 \BiChapter{å°
                    ç»“}{}
You're in trouble here.  Try typing  <return>  to proceed.
If that doesn't work, type  X <return>  to quit.

Missing character: There is no å° in font nullfont!
Missing character: There is no ç»“ in font nullfont!

Overfull \hbox (20.0pt too wide) in paragraph at lines 118--119
[] 
 []

)
*
! Emergency stop.
<*> ...ware-Engineering-Lab4-Report/body/body.tex"
                                                  
End of file on the terminal!

 
Here is how much of TeX's memory you used:
 40 strings out of 427830
 765 string characters out of 3156375
 66933 words of memory out of 3000000
 4093 multiletter control sequences out of 15000+200000
 3943 words of font info for 15 fonts, out of 3000000 for 9000
 1328 hyphenation exceptions out of 8191
 19i,7n,12p,198b,183s stack positions out of 5000i,500n,10000p,200000b,50000s
No pages of output.
